ERROR:cfscanner.main:unsupported operand type(s) for +=: 'NoneType' and 'int'
Traceback (most recent call last):
  File "/home/smz/Documents/GitHub/CFScanner/python/cfscanner/main.py", line 215, in main
    progress.scanned_ips += 1
TypeError: unsupported operand type(s) for +=: 'NoneType' and 'int'
ERROR:cfscanner.main:unsupported operand type(s) for +=: 'NoneType' and 'int'
Traceback (most recent call last):
  File "/home/smz/Documents/GitHub/CFScanner/python/cfscanner/main.py", line 215, in main
    progress.scanned_ips += 1
TypeError: unsupported operand type(s) for +=: 'NoneType' and 'int'
ERROR:cfscanner.main:unsupported operand type(s) for +=: 'NoneType' and 'int'
Traceback (most recent call last):
  File "/home/smz/Documents/GitHub/CFScanner/python/cfscanner/main.py", line 215, in main
    progress.scanned_ips += 1
TypeError: unsupported operand type(s) for +=: 'NoneType' and 'int'
ERROR:cfscanner.main:unsupported operand type(s) for +=: 'NoneType' and 'int'
Traceback (most recent call last):
  File "/home/smz/Documents/GitHub/CFScanner/python/cfscanner/main.py", line 215, in main
    progress.scanned_ips += 1
TypeError: unsupported operand type(s) for +=: 'NoneType' and 'int'
ERROR:cfscanner.main:unsupported operand type(s) for +=: 'NoneType' and 'int'
Traceback (most recent call last):
  File "/home/smz/Documents/GitHub/CFScanner/python/cfscanner/main.py", line 215, in main
    progress.scanned_ips += 1
TypeError: unsupported operand type(s) for +=: 'NoneType' and 'int'
ERROR:cfscanner.main:unsupported operand type(s) for +=: 'NoneType' and 'int'
Traceback (most recent call last):
  File "/home/smz/Documents/GitHub/CFScanner/python/cfscanner/main.py", line 215, in main
    progress.scanned_ips += 1
TypeError: unsupported operand type(s) for +=: 'NoneType' and 'int'
ERROR:cfscanner.main:unsupported operand type(s) for +=: 'NoneType' and 'int'
Traceback (most recent call last):
  File "/home/smz/Documents/GitHub/CFScanner/python/cfscanner/main.py", line 215, in main
    progress.scanned_ips += 1
TypeError: unsupported operand type(s) for +=: 'NoneType' and 'int'
ERROR:cfscanner.main:unsupported operand type(s) for +=: 'NoneType' and 'int'
Traceback (most recent call last):
  File "/home/smz/Documents/GitHub/CFScanner/python/cfscanner/main.py", line 215, in main
    progress.scanned_ips += 1
TypeError: unsupported operand type(s) for +=: 'NoneType' and 'int'
ERROR:cfscanner.main:unsupported operand type(s) for +=: 'NoneType' and 'int'
Traceback (most recent call last):
  File "/home/smz/Documents/GitHub/CFScanner/python/cfscanner/main.py", line 215, in main
    progress.scanned_ips += 1
TypeError: unsupported operand type(s) for +=: 'NoneType' and 'int'
ERROR:cfscanner.main:unsupported operand type(s) for +=: 'NoneType' and 'int'
Traceback (most recent call last):
  File "/home/smz/Documents/GitHub/CFScanner/python/cfscanner/main.py", line 215, in main
    progress.scanned_ips += 1
TypeError: unsupported operand type(s) for +=: 'NoneType' and 'int'
ERROR:cfscanner.main:unsupported operand type(s) for +=: 'NoneType' and 'int'
Traceback (most recent call last):
  File "/home/smz/Documents/GitHub/CFScanner/python/cfscanner/main.py", line 215, in main
    progress.scanned_ips += 1
TypeError: unsupported operand type(s) for +=: 'NoneType' and 'int'
ERROR:cfscanner.main:unsupported operand type(s) for +=: 'NoneType' and 'int'
Traceback (most recent call last):
  File "/home/smz/Documents/GitHub/CFScanner/python/cfscanner/main.py", line 215, in main
    progress.scanned_ips += 1
TypeError: unsupported operand type(s) for +=: 'NoneType' and 'int'
ERROR:cfscanner.main:unsupported operand type(s) for +=: 'NoneType' and 'int'
Traceback (most recent call last):
  File "/home/smz/Documents/GitHub/CFScanner/python/cfscanner/main.py", line 215, in main
    progress.scanned_ips += 1
TypeError: unsupported operand type(s) for +=: 'NoneType' and 'int'
ERROR:cfscanner.main:unsupported operand type(s) for +=: 'NoneType' and 'int'
Traceback (most recent call last):
  File "/home/smz/Documents/GitHub/CFScanner/python/cfscanner/main.py", line 215, in main
    progress.scanned_ips += 1
TypeError: unsupported operand type(s) for +=: 'NoneType' and 'int'
ERROR:cfscanner.main:unsupported operand type(s) for +=: 'NoneType' and 'int'
Traceback (most recent call last):
  File "/home/smz/Documents/GitHub/CFScanner/python/cfscanner/main.py", line 215, in main
    progress.scanned_ips += 1
TypeError: unsupported operand type(s) for +=: 'NoneType' and 'int'
ERROR:cfscanner.main:unsupported operand type(s) for +=: 'NoneType' and 'int'
Traceback (most recent call last):
  File "/home/smz/Documents/GitHub/CFScanner/python/cfscanner/main.py", line 215, in main
    progress.scanned_ips += 1
TypeError: unsupported operand type(s) for +=: 'NoneType' and 'int'
ERROR:cfscanner.main:unsupported operand type(s) for +=: 'NoneType' and 'int'
Traceback (most recent call last):
  File "/home/smz/Documents/GitHub/CFScanner/python/cfscanner/main.py", line 215, in main
    progress.scanned_ips += 1
TypeError: unsupported operand type(s) for +=: 'NoneType' and 'int'
ERROR:cfscanner.main:unsupported operand type(s) for +=: 'NoneType' and 'int'
Traceback (most recent call last):
  File "/home/smz/Documents/GitHub/CFScanner/python/cfscanner/main.py", line 215, in main
    progress.scanned_ips += 1
TypeError: unsupported operand type(s) for +=: 'NoneType' and 'int'
ERROR:cfscanner.main:unsupported operand type(s) for +=: 'NoneType' and 'int'
Traceback (most recent call last):
  File "/home/smz/Documents/GitHub/CFScanner/python/cfscanner/main.py", line 215, in main
    progress.scanned_ips += 1
TypeError: unsupported operand type(s) for +=: 'NoneType' and 'int'
ERROR:cfscanner.main:unsupported operand type(s) for +=: 'NoneType' and 'int'
Traceback (most recent call last):
  File "/home/smz/Documents/GitHub/CFScanner/python/cfscanner/main.py", line 215, in main
    progress.scanned_ips += 1
TypeError: unsupported operand type(s) for +=: 'NoneType' and 'int'
ERROR:cfscanner.main:unsupported operand type(s) for +=: 'NoneType' and 'int'
Traceback (most recent call last):
  File "/home/smz/Documents/GitHub/CFScanner/python/cfscanner/main.py", line 215, in main
    progress.scanned_ips += 1
TypeError: unsupported operand type(s) for +=: 'NoneType' and 'int'
ERROR:cfscanner.main:unsupported operand type(s) for +=: 'NoneType' and 'int'
Traceback (most recent call last):
  File "/home/smz/Documents/GitHub/CFScanner/python/cfscanner/main.py", line 215, in main
    progress.scanned_ips += 1
TypeError: unsupported operand type(s) for +=: 'NoneType' and 'int'
ERROR:cfscanner.main:unsupported operand type(s) for +=: 'NoneType' and 'int'
Traceback (most recent call last):
  File "/home/smz/Documents/GitHub/CFScanner/python/cfscanner/main.py", line 215, in main
    progress.scanned_ips += 1
TypeError: unsupported operand type(s) for +=: 'NoneType' and 'int'
ERROR:cfscanner.main:unsupported operand type(s) for +=: 'NoneType' and 'int'
Traceback (most recent call last):
  File "/home/smz/Documents/GitHub/CFScanner/python/cfscanner/main.py", line 215, in main
    progress.scanned_ips += 1
TypeError: unsupported operand type(s) for +=: 'NoneType' and 'int'
