Building DAG of jobs...
Using shell: /bin/bash
Provided cores: 8
Rules claiming more threads will be scaled down.
Job stats:
job            count    min threads    max threads
-----------  -------  -------------  -------------
hello_world        1              1              1
total              1              1              1

Select jobs to execute...

[Wed May 31 14:28:31 2023]
rule hello_world:
    output: message.txt
    jobid: 0
    reason: Missing output files: message.txt
    resources: tmpdir=/var/folders/hs/3sl81nqd6mzcbz1sc_td3bv00000gn/T

[Wed May 31 14:28:32 2023]
Finished job 0.
1 of 1 steps (100%) done
Complete log: .snakemake/log/2023-05-31T142831.553105.snakemake.log
