Building DAG of jobs...
Using shell: /bin/bash
Provided cores: 8
Rules claiming more threads will be scaled down.
Job stats:
job            count    min threads    max threads
-----------  -------  -------------  -------------
hello_world        1              1              1
total              1              1              1

Select jobs to execute...

[Wed May 31 14:28:23 2023]
rule hello_world:
    output: message.txt
    jobid: 0
    reason: Params have changed since last execution
    resources: tmpdir=/var/folders/hs/3sl81nqd6mzcbz1sc_td3bv00000gn/T

[Wed May 31 14:28:24 2023]
Error in rule hello_world:
    jobid: 0
    output: message.txt
    shell:
        echo Hello from Snakemake :) > message.txt
        (one of the commands exited with non-zero exit code; note that snakemake uses bash strict mode!)

Shutting down, this might take some time.
Exiting because a job execution failed. Look above for error message
Complete log: .snakemake/log/2023-05-31T142823.561216.snakemake.log
